Copyright 1986-2020 Xilinx, Inc. All Rights Reserved.
---------------------------------------------------------------------------------------------
| Tool Version : Vivado v.2020.1 (win64) Build 2902540 Wed May 27 19:54:49 MDT 2020
| Date         : Thu Mar 20 11:19:16 2025
| Host         : DESKTOP-3T9PBIE running 64-bit major release  (build 9200)
| Command      : report_control_sets -verbose -file design_1_wrapper_control_sets_placed.rpt
| Design       : design_1_wrapper
| Device       : xc7z020
---------------------------------------------------------------------------------------------

Control Set Information

Table of Contents
-----------------
1. Summary
2. Histogram
3. Flip-Flop Distribution
4. Detailed Control Set Information

1. Summary
----------

+----------------------------------------------------------+-------+
|                          Status                          | Count |
+----------------------------------------------------------+-------+
| Total control sets                                       |    11 |
|    Minimum number of control sets                        |    11 |
|    Addition due to synthesis replication                 |     0 |
|    Addition due to physical synthesis replication        |     0 |
| Unused register locations in slices containing registers |    10 |
+----------------------------------------------------------+-------+
* Control sets can be merged at opt_design using control_set_merge or merge_equivalent_drivers
** Run report_qor_suggestions for automated merging and remapping suggestions


2. Histogram
------------

+--------------------+-------+
|       Fanout       | Count |
+--------------------+-------+
| Total control sets |    11 |
| >= 0 to < 4        |     0 |
| >= 4 to < 6        |     1 |
| >= 6 to < 8        |     0 |
| >= 8 to < 10       |     4 |
| >= 10 to < 12      |     0 |
| >= 12 to < 14      |     0 |
| >= 14 to < 16      |     0 |
| >= 16              |     6 |
+--------------------+-------+
* Control sets can be remapped at either synth_design or opt_design


3. Flip-Flop Distribution
-------------------------

+--------------+-----------------------+------------------------+-----------------+--------------+
| Clock Enable | Synchronous Set/Reset | Asynchronous Set/Reset | Total Registers | Total Slices |
+--------------+-----------------------+------------------------+-----------------+--------------+
| No           | No                    | No                     |               4 |            3 |
| No           | No                    | Yes                    |               0 |            0 |
| No           | Yes                   | No                     |            1642 |          411 |
| Yes          | No                    | No                     |               0 |            0 |
| Yes          | No                    | Yes                    |               0 |            0 |
| Yes          | Yes                   | No                     |            2088 |          406 |
+--------------+-----------------------+------------------------+-----------------+--------------+


4. Detailed Control Set Information
-----------------------------------

+-----------------+------------------------------------------------------------------------+--------------------------------------------+------------------+----------------+--------------+
|   Clock Signal  |                              Enable Signal                             |              Set/Reset Signal              | Slice Load Count | Bel Load Count | Bels / Slice |
+-----------------+------------------------------------------------------------------------+--------------------------------------------+------------------+----------------+--------------+
|  iClk_IBUF_BUFG |                                                                        |                                            |                3 |              4 |         1.33 |
|  iClk_IBUF_BUFG | design_1_i/uart_top_0/inst/MP_ADDER_INST/E[0]                          | design_1_i/Debounce_Switch_0/inst/o_Switch |                2 |              8 |         4.00 |
|  iClk_IBUF_BUFG | design_1_i/uart_top_0/inst/UART_RX_INST/wRxData_Next                   | design_1_i/Debounce_Switch_0/inst/o_Switch |                3 |              8 |         2.67 |
|  iClk_IBUF_BUFG | design_1_i/uart_top_0/inst/UART_TX_INST/wTxData_Next                   | design_1_i/Debounce_Switch_0/inst/o_Switch |                3 |              8 |         2.67 |
|  iClk_IBUF_BUFG | design_1_i/uart_top_0/inst/rTxByte                                     | design_1_i/Debounce_Switch_0/inst/o_Switch |                1 |              8 |         8.00 |
|  iClk_IBUF_BUFG |                                                                        | design_1_i/Debounce_Switch_0/inst/p_0_in   |                5 |             18 |         3.60 |
|  iClk_IBUF_BUFG | design_1_i/uart_top_0/inst/rA                                          | design_1_i/Debounce_Switch_0/inst/o_Switch |              115 |            512 |         4.45 |
|  iClk_IBUF_BUFG | design_1_i/uart_top_0/inst/UART_RX_INST/E[0]                           | design_1_i/Debounce_Switch_0/inst/o_Switch |               92 |            512 |         5.57 |
|  iClk_IBUF_BUFG | design_1_i/uart_top_0/inst/rB                                          | design_1_i/Debounce_Switch_0/inst/o_Switch |              106 |            512 |         4.83 |
|  iClk_IBUF_BUFG | design_1_i/uart_top_0/inst/MP_ADDER_INST/FSM_sequential_rFSM_reg[1][0] | design_1_i/Debounce_Switch_0/inst/o_Switch |               84 |            520 |         6.19 |
|  iClk_IBUF_BUFG |                                                                        | design_1_i/Debounce_Switch_0/inst/o_Switch |              406 |           1624 |         4.00 |
+-----------------+------------------------------------------------------------------------+--------------------------------------------+------------------+----------------+--------------+


